M365 activity run at Thu May 21 06:14:40 UTC 2026
M365 activity run at Fri May 22 06:10:20 UTC 2026
M365 activity run at Sat May 23 05:41:18 UTC 2026
M365 activity run at Sun May 24 06:03:49 UTC 2026
M365 activity run at Mon May 25 06:37:40 UTC 2026
M365 activity run at Tue May 26 06:09:32 UTC 2026
M365 activity run at Wed May 27 06:23:23 UTC 2026
M365 activity run at Thu May 28 06:15:26 UTC 2026
M365 activity run at Fri May 29 06:16:47 UTC 2026
M365 activity run at Sat May 30 05:50:25 UTC 2026
M365 activity run at Sun May 31 06:21:36 UTC 2026
M365 activity run at Mon Jun  1 06:59:48 UTC 2026
M365 activity run at Tue Jun  2 06:44:04 UTC 2026
M365 activity run at Wed Jun  3 06:55:15 UTC 2026
M365 activity run at Thu Jun  4 06:45:01 UTC 2026
M365 activity run at Fri Jun  5 06:25:43 UTC 2026
M365 activity run at Sat Jun  6 05:55:46 UTC 2026
M365 activity run at Sun Jun  7 06:26:59 UTC 2026
M365 activity run at Mon Jun  8 06:46:42 UTC 2026
M365 activity run at Tue Jun  9 06:11:48 UTC 2026
M365 activity run at Wed Jun 10 06:26:20 UTC 2026
M365 activity run at Thu Jun 11 06:51:29 UTC 2026
M365 activity run at Fri Jun 12 06:44:16 UTC 2026
M365 activity run at Sat Jun 13 06:19:02 UTC 2026
M365 activity run at Sun Jun 14 06:43:23 UTC 2026
M365 activity run at Mon Jun 15 07:23:16 UTC 2026
M365 activity run at Tue Jun 16 07:29:20 UTC 2026
M365 activity run at Wed Jun 17 07:12:33 UTC 2026
M365 activity run at Thu Jun 18 06:54:40 UTC 2026
M365 activity run at Fri Jun 19 07:09:02 UTC 2026
M365 activity run at Sat Jun 20 06:23:30 UTC 2026
M365 activity run at Sun Jun 21 06:53:39 UTC 2026
M365 activity run at Mon Jun 22 07:27:11 UTC 2026
M365 activity run at Tue Jun 23 06:09:23 UTC 2026
M365 activity run at Wed Jun 24 06:08:58 UTC 2026
M365 activity run at Thu Jun 25 06:09:27 UTC 2026
M365 activity run at Fri Jun 26 06:13:02 UTC 2026
M365 activity run at Sat Jun 27 05:55:22 UTC 2026
M365 activity run at Sun Jun 28 06:20:30 UTC 2026
M365 activity run at Mon Jun 29 06:50:25 UTC 2026
M365 activity run at Tue Jun 30 06:14:20 UTC 2026
M365 activity run at Wed Jul  1 06:35:35 UTC 2026
M365 activity run at Thu Jul  2 06:01:17 UTC 2026
M365 activity run at Fri Jul  3 05:55:31 UTC 2026
M365 activity run at Sat Jul  4 05:47:51 UTC 2026
M365 activity run at Sun Jul  5 06:06:56 UTC 2026
M365 activity run at Mon Jul  6 06:38:25 UTC 2026
M365 activity run at Tue Jul  7 06:10:52 UTC 2026
M365 activity run at Wed Jul  8 05:23:08 UTC 2026
M365 activity run at Thu Jul  9 06:07:05 UTC 2026
M365 activity run at Thu Jul  9 08:44:31 UTC 2026
M365 activity run at Fri Jul 10 06:05:45 UTC 2026
M365 activity run at Sat Jul 11 05:15:05 UTC 2026
M365 activity run at Sun Jul 12 05:30:25 UTC 2026
M365 activity run at Mon Jul 13 05:39:39 UTC 2026
M365 activity run at Tue Jul 14 04:53:01 UTC 2026
M365 activity run at Wed Jul 15 04:53:21 UTC 2026
M365 activity run at Thu Jul 16 05:12:23 UTC 2026
M365 activity run at Fri Jul 17 05:15:27 UTC 2026
M365 activity run at Sat Jul 18 04:50:39 UTC 2026
M365 activity run at Sun Jul 19 05:23:49 UTC 2026
M365 activity run at Mon Jul 20 05:41:32 UTC 2026
